\BOOKMARK [0][]{Titlepage.0}{Titlepage}{}% 1
\BOOKMARK [1][-]{Dedication.1}{Dedication}{Titlepage.0}% 2
\BOOKMARK [1][-]{Abstract.1}{Abstract}{Titlepage.0}% 3
\BOOKMARK [1][-]{Zusammenfassung.1}{Zusammenfassung}{Titlepage.0}% 4
\BOOKMARK [1][-]{publications.1}{Publications}{Titlepage.0}% 5
\BOOKMARK [1][-]{Acknowledgements.1}{Acknowledgements}{Titlepage.0}% 6
\BOOKMARK [1][-]{tableofcontents.1}{Contents}{Titlepage.0}% 7
\BOOKMARK [1][-]{lof.1}{List of Figures}{Titlepage.0}% 8
\BOOKMARK [1][-]{lot.1}{List of Tables}{Titlepage.0}% 9
\BOOKMARK [1][-]{acronyms.1}{Acronyms}{Titlepage.0}% 10
\BOOKMARK [-1][]{part.1}{Digital Aerial Photogrammetry in Forestry}{}% 11
\BOOKMARK [0][]{chapter.1}{1 Introduction}{part.1}% 12
\BOOKMARK [1][-]{section.1.1}{1.1 Remote sensing in forestry }{chapter.1}% 13
\BOOKMARK [1][-]{section.1.2}{1.2 Airphotos, ALS and aerial photogrammetry}{chapter.1}% 14
\BOOKMARK [2][-]{subsection.1.2.1}{1.2.1 Acquisition principles for aerial photographs}{section.1.2}% 15
\BOOKMARK [2][-]{subsection.1.2.2}{1.2.2 Early forestry related applications of aerial photography}{section.1.2}% 16
\BOOKMARK [2][-]{subsection.1.2.3}{1.2.3 Height assessment via stereophotogrammetry}{section.1.2}% 17
\BOOKMARK [2][-]{subsection.1.2.4}{1.2.4 Airborne laser scanning in forestry}{section.1.2}% 18
\BOOKMARK [2][-]{subsection.1.2.5}{1.2.5 Digital images and processing capabilities}{section.1.2}% 19
\BOOKMARK [1][-]{section.1.3}{1.3 Prediction of forest inventory attributes}{chapter.1}% 20
\BOOKMARK [1][-]{section.1.4}{1.4 DAP in forest inventory: current state}{chapter.1}% 21
\BOOKMARK [1][-]{section.1.5}{1.5 Research Aims and Objectives}{chapter.1}% 22
\BOOKMARK [0][]{chapter.2}{2 Materials}{part.1}% 23
\BOOKMARK [1][-]{section.2.1}{2.1 Study Areas}{chapter.2}% 24
\BOOKMARK [1][-]{section.2.2}{2.2 Field Data}{chapter.2}% 25
\BOOKMARK [2][-]{subsection.2.2.1}{2.2.1 Bavarian State Forest Enterprise}{section.2.2}% 26
\BOOKMARK [2][-]{subsection.2.2.2}{2.2.2 National forest inventory data}{section.2.2}% 27
\BOOKMARK [2][-]{subsection.2.2.3}{2.2.3 Municipal Forest of Traunstein}{section.2.2}% 28
\BOOKMARK [2][-]{subsection.2.2.4}{2.2.4 Northern Vancouver Island}{section.2.2}% 29
\BOOKMARK [1][-]{section.2.3}{2.3 Remote Sensing Data}{chapter.2}% 30
\BOOKMARK [2][-]{subsection.2.3.1}{2.3.1 Digital Aerial Photographs}{section.2.3}% 31
\BOOKMARK [2][-]{subsection.2.3.2}{2.3.2 World-View 2 Data}{section.2.3}% 32
\BOOKMARK [2][-]{subsection.2.3.3}{2.3.3 Airborne Laser Scanning Data}{section.2.3}% 33
\BOOKMARK [0][]{chapter.3}{3 Methods}{part.1}% 34
\BOOKMARK [1][-]{section.3.1}{3.1 Digital aerial photogrammetry}{chapter.3}% 35
\BOOKMARK [2][-]{subsection.3.1.1}{3.1.1 General Considerations on Image Matching}{section.3.1}% 36
\BOOKMARK [2][-]{subsection.3.1.2}{3.1.2 Semi-global Matching}{section.3.1}% 37
\BOOKMARK [1][-]{section.3.2}{3.2 Statistical Modelling}{chapter.3}% 38
\BOOKMARK [2][-]{subsection.3.2.1}{3.2.1 Random Forest for Regression}{section.3.2}% 39
\BOOKMARK [2][-]{subsection.3.2.2}{3.2.2 Model Implementation for predicting Forest Inventory Attributes}{section.3.2}% 40
\BOOKMARK [1][-]{section.3.3}{3.3 Height Change Assessment}{chapter.3}% 41
\BOOKMARK [0][]{chapter.4}{4 Results}{part.1}% 42
\BOOKMARK [1][-]{section.4.1}{4.1 Overall results of the presented work}{chapter.4}% 43
\BOOKMARK [1][-]{section.4.2}{4.2 Detailed description of the results}{chapter.4}% 44
\BOOKMARK [2][-]{subsection.4.2.1}{4.2.1 Stepper et al. Can. J. For. Res. \(2015\)}{section.4.2}% 45
\BOOKMARK [2][-]{subsection.4.2.2}{4.2.2 Straub \046 Stepper Photogramm.Fernerkund.Geoinf. \(in press\)}{section.4.2}% 46
\BOOKMARK [2][-]{subsection.4.2.3}{4.2.3 Stepper et al. Scand. J. For. Res. \(submitted\)}{section.4.2}% 47
\BOOKMARK [2][-]{subsection.4.2.4}{4.2.4 White et al. Forests \(2015\)}{section.4.2}% 48
\BOOKMARK [2][-]{subsection.4.2.5}{4.2.5 Immitzer et al. Forest Ecol. Manag. \(2016\)}{section.4.2}% 49
\BOOKMARK [2][-]{subsection.4.2.6}{4.2.6 Stepper et al. Forestry \(2015\)}{section.4.2}% 50
\BOOKMARK [0][]{chapter.5}{5 Discussion}{part.1}% 51
\BOOKMARK [0][]{chapter.6}{6 Conclusion}{part.1}% 52
\BOOKMARK [-1][]{part.2}{Appendix}{}% 53
\BOOKMARK [0][]{dummy.6}{Bibliography}{part.2}% 54
\BOOKMARK [0][]{section*.42}{Index}{part.2}% 55
